<?xml version="1.0" encoding="UTF-8"?>
<!-- Generated by org.testng.reporters.JUnitReportReporter -->
<testsuite skipped="0" hostname="Dell-PC" name="com.test.LoginTest" tests="1" failures="0" timestamp="01 Jan 2019 13:49:16 GMT" time="49.252" errors="0">
  <testcase name="login" time="49.252" classname="com.test.LoginTest"/>
</testsuite> <!-- com.test.LoginTest -->
