<?xml version="1.0" encoding="UTF-8"?>
<!-- Generated by org.testng.reporters.JUnitReportReporter -->
<testsuite skipped="0" hostname="Dell-PC" name="com.test.AddProductTest" tests="1" failures="0" timestamp="03 Jan 2019 15:49:12 GMT" time="22.022" errors="0">
  <testcase name="addProductMethod" time="22.022" classname="com.test.AddProductTest"/>
</testsuite> <!-- com.test.AddProductTest -->
