<?xml version="1.0" encoding="UTF-8"?>
<!-- Generated by org.testng.reporters.JUnitReportReporter -->
<testsuite skipped="0" hostname="Dell-PC" name="com.test.ProfileTest" tests="1" failures="0" timestamp="03 Jan 2019 15:19:33 GMT" time="38.767" errors="0">
  <testcase name="login" time="38.767" classname="com.test.ProfileTest"/>
</testsuite> <!-- com.test.ProfileTest -->
