<?xml version="1.0" encoding="UTF-8"?>
<!-- Generated by org.testng.reporters.JUnitReportReporter -->
<testsuite skipped="0" hostname="Dell-PC" name="com.test.LoginTest" tests="1" failures="0" timestamp="12 Jan 2019 13:34:21 GMT" time="51.420" errors="0">
  <testcase name="loginMethod" time="51.420" classname="com.test.LoginTest"/>
</testsuite> <!-- com.test.LoginTest -->
