<?xml version="1.0" encoding="UTF-8"?>
<!-- Generated by org.testng.reporters.JUnitReportReporter -->
<testsuite skipped="0" hostname="Dell-PC" name="com.test.AddProductTest" tests="1" failures="0" timestamp="12 Jan 2019 13:34:21 GMT" time="56.144" errors="0">
  <testcase name="addProductMethod" time="56.144" classname="com.test.AddProductTest"/>
</testsuite> <!-- com.test.AddProductTest -->
