<?xml version="1.0" encoding="UTF-8"?>
<!-- Generated by org.testng.reporters.JUnitReportReporter -->
<testsuite skipped="0" hostname="Dell-PC" name="com.test.ProfileTest" tests="1" failures="0" timestamp="12 Jan 2019 13:34:21 GMT" time="54.469" errors="0">
  <testcase name="profileMethod" time="54.469" classname="com.test.ProfileTest"/>
</testsuite> <!-- com.test.ProfileTest -->
